<?xml version="1.0" encoding="UTF-8"?>
<TestRun id="89940030-c8a4-4e8d-a553-6e18795c0c95" name="gudmundssonm@WMLI032191 2012-05-15 13:58:53" runUser="GROUPINFRA\gudmundssonm" xmlns="http://microsoft.com/schemas/VisualStudio/TeamTest/2010">
  <TestSettings name="Local" id="86cf49bf-788a-4610-b4e9-4251082e7a36">
    <Description>These are default test settings for a local test run.</Description>
    <Deployment enabled="false" runDeploymentRoot="gudmundssonm_WMLI032191 2012-05-15 13_58_53">
      <DeploymentItem filename="c:\dotnet\ep.cs\ep.cs\bin\Debug\ep.cs.exe" />
    </Deployment>
    <Execution>
      <TestTypeSpecific />
      <AgentRule name="Execution Agents">
      </AgentRule>
    </Execution>
  </TestSettings>
  <Times creation="2012-05-15T13:58:53.8244176+02:00" queuing="2012-05-15T13:58:53.9394242+02:00" start="2012-05-15T13:58:53.9474246+02:00" finish="2012-05-15T13:58:54.2144399+02:00" />
  <ResultSummary outcome="Completed">
    <Counters total="3" executed="3" passed="3" error="0" failed="0" timeout="0" aborted="0" inconclusive="0" passedButRunAborted="0" notRunnable="0" notExecuted="0" disconnected="0" warning="0" completed="0" inProgress="0" pending="0" />
  </ResultSummary>
  <TestDefinitions>
    <UnitTest name="ShouldBeAbleToCloseConnection" storage="c:\dotnet\ep.cs\testconnection\bin\debug\testconnection.dll" id="f42db958-f3ac-165d-b535-eb51081ae795">
      <Execution id="219cd02e-ff4c-4fe2-9284-4eae6abe9b53" />
      <TestMethod codeBase="c:/dotnet/ep.cs/TestConnection/bin/Debug/TestConnection.DLL" adapterTypeName="Microsoft.VisualStudio.TestTools.TestTypes.Unit.UnitTestAdapter, Microsoft.VisualStudio.QualityTools.Tips.UnitTest.Adapter, Version=10.0.0.0, Culture=neutral, PublicKeyToken=b03f5f7f11d50a3a" className="TestConnection.UnitTest1, TestConnection, Version=1.0.0.0, Culture=neutral, PublicKeyToken=null" name="ShouldBeAbleToCloseConnection" />
    </UnitTest>
    <UnitTest name="ShouldNotBeAbleToOpenconnectonTwice" storage="c:\dotnet\ep.cs\testconnection\bin\debug\testconnection.dll" id="3115ed26-5e48-9c36-7327-9228485c3d9f">
      <Execution id="7f09febd-0a34-4104-a30f-45bd9aaca002" />
      <TestMethod codeBase="c:/dotnet/ep.cs/TestConnection/bin/Debug/TestConnection.DLL" adapterTypeName="Microsoft.VisualStudio.TestTools.TestTypes.Unit.UnitTestAdapter, Microsoft.VisualStudio.QualityTools.Tips.UnitTest.Adapter, Version=10.0.0.0, Culture=neutral, PublicKeyToken=b03f5f7f11d50a3a" className="TestConnection.UnitTest1, TestConnection, Version=1.0.0.0, Culture=neutral, PublicKeyToken=null" name="ShouldNotBeAbleToOpenconnectonTwice" />
    </UnitTest>
    <UnitTest name="ShouldBeAbleToOpenConnection" storage="c:\dotnet\ep.cs\testconnection\bin\debug\testconnection.dll" id="6389bea3-7376-e850-0934-243aa2ed45dd">
      <Execution id="b729f174-6c72-4939-b3e3-dc7cfa456c26" />
      <TestMethod codeBase="c:/dotnet/ep.cs/TestConnection/bin/Debug/TestConnection.DLL" adapterTypeName="Microsoft.VisualStudio.TestTools.TestTypes.Unit.UnitTestAdapter, Microsoft.VisualStudio.QualityTools.Tips.UnitTest.Adapter, Version=10.0.0.0, Culture=neutral, PublicKeyToken=b03f5f7f11d50a3a" className="TestConnection.UnitTest1, TestConnection, Version=1.0.0.0, Culture=neutral, PublicKeyToken=null" name="ShouldBeAbleToOpenConnection" />
    </UnitTest>
  </TestDefinitions>
  <TestLists>
    <TestList name="Results Not in a List" id="8c84fa94-04c1-424b-9868-57a2d4851a1d" />
    <TestList name="All Loaded Results" id="19431567-8539-422a-85d7-44ee4e166bda" />
  </TestLists>
  <TestEntries>
    <TestEntry testId="3115ed26-5e48-9c36-7327-9228485c3d9f" executionId="7f09febd-0a34-4104-a30f-45bd9aaca002" testListId="8c84fa94-04c1-424b-9868-57a2d4851a1d" />
    <TestEntry testId="6389bea3-7376-e850-0934-243aa2ed45dd" executionId="b729f174-6c72-4939-b3e3-dc7cfa456c26" testListId="8c84fa94-04c1-424b-9868-57a2d4851a1d" />
    <TestEntry testId="f42db958-f3ac-165d-b535-eb51081ae795" executionId="219cd02e-ff4c-4fe2-9284-4eae6abe9b53" testListId="8c84fa94-04c1-424b-9868-57a2d4851a1d" />
  </TestEntries>
  <Results>
    <UnitTestResult executionId="7f09febd-0a34-4104-a30f-45bd9aaca002" testId="3115ed26-5e48-9c36-7327-9228485c3d9f" testName="ShouldNotBeAbleToOpenconnectonTwice" computerName="WMLI032191" duration="00:00:00.0197375" startTime="2012-05-15T13:58:53.9494247+02:00" endTime="2012-05-15T13:58:54.1924386+02:00" testType="13cdc9d9-ddb5-4fa4-a97d-d965ccfc6d4b" outcome="Passed" testListId="8c84fa94-04c1-424b-9868-57a2d4851a1d" relativeResultsDirectory="7f09febd-0a34-4104-a30f-45bd9aaca002">
    </UnitTestResult>
    <UnitTestResult executionId="b729f174-6c72-4939-b3e3-dc7cfa456c26" testId="6389bea3-7376-e850-0934-243aa2ed45dd" testName="ShouldBeAbleToOpenConnection" computerName="WMLI032191" duration="00:00:00.0010451" startTime="2012-05-15T13:58:54.1934387+02:00" endTime="2012-05-15T13:58:54.1964389+02:00" testType="13cdc9d9-ddb5-4fa4-a97d-d965ccfc6d4b" outcome="Passed" testListId="8c84fa94-04c1-424b-9868-57a2d4851a1d" relativeResultsDirectory="b729f174-6c72-4939-b3e3-dc7cfa456c26">
    </UnitTestResult>
    <UnitTestResult executionId="219cd02e-ff4c-4fe2-9284-4eae6abe9b53" testId="f42db958-f3ac-165d-b535-eb51081ae795" testName="ShouldBeAbleToCloseConnection" computerName="WMLI032191" duration="00:00:00.0002867" startTime="2012-05-15T13:58:54.1984390+02:00" endTime="2012-05-15T13:58:54.2004391+02:00" testType="13cdc9d9-ddb5-4fa4-a97d-d965ccfc6d4b" outcome="Passed" testListId="8c84fa94-04c1-424b-9868-57a2d4851a1d" relativeResultsDirectory="219cd02e-ff4c-4fe2-9284-4eae6abe9b53">
    </UnitTestResult>
  </Results>
</TestRun>