<?xml version="1.0" encoding="UTF-8"?>
<TestRun id="9f17a0ad-b874-4169-a53b-09ab4832bed3" name="gudmundssonm@WMLI032191 2012-05-15 13:44:38" runUser="GROUPINFRA\gudmundssonm" xmlns="http://microsoft.com/schemas/VisualStudio/TeamTest/2010">
  <TestSettings name="Local" id="86cf49bf-788a-4610-b4e9-4251082e7a36">
    <Description>These are default test settings for a local test run.</Description>
    <Deployment enabled="false" runDeploymentRoot="gudmundssonm_WMLI032191 2012-05-15 13_44_38">
      <DeploymentItem filename="c:\dotnet\ep.cs\ep.cs\bin\Debug\ep.cs.exe" />
    </Deployment>
    <Execution>
      <TestTypeSpecific />
      <AgentRule name="Execution Agents">
      </AgentRule>
    </Execution>
  </TestSettings>
  <Times creation="2012-05-15T13:44:38.7555857+02:00" queuing="2012-05-15T13:44:40.1256619+02:00" start="2012-05-15T13:44:40.2456682+02:00" finish="2012-05-15T13:44:41.4657329+02:00" />
  <ResultSummary outcome="Completed">
    <Counters total="2" executed="2" passed="2" error="0" failed="0" timeout="0" aborted="0" inconclusive="0" passedButRunAborted="0" notRunnable="0" notExecuted="0" disconnected="0" warning="0" completed="0" inProgress="0" pending="0" />
  </ResultSummary>
  <TestDefinitions>
    <UnitTest name="ShouldNotBeAbleToOpenconnectonTwice" storage="c:\dotnet\ep.cs\testconnection\bin\debug\testconnection.dll" id="3115ed26-5e48-9c36-7327-9228485c3d9f">
      <Execution id="0afff714-fcb9-4af9-b3a0-6a5152cc7d72" />
      <TestMethod codeBase="c:/dotnet/ep.cs/TestConnection/bin/Debug/TestConnection.DLL" adapterTypeName="Microsoft.VisualStudio.TestTools.TestTypes.Unit.UnitTestAdapter, Microsoft.VisualStudio.QualityTools.Tips.UnitTest.Adapter, Version=10.0.0.0, Culture=neutral, PublicKeyToken=b03f5f7f11d50a3a" className="TestConnection.UnitTest1, TestConnection, Version=1.0.0.0, Culture=neutral, PublicKeyToken=null" name="ShouldNotBeAbleToOpenconnectonTwice" />
    </UnitTest>
    <UnitTest name="ShouldBeAbleToOpenconnecton" storage="c:\dotnet\ep.cs\testconnection\bin\debug\testconnection.dll" id="c5130e75-2100-d13f-a39a-1b297551a2e2">
      <Execution id="96688c88-b163-4381-a21d-a597e08984ac" />
      <TestMethod codeBase="c:/dotnet/ep.cs/TestConnection/bin/Debug/TestConnection.DLL" adapterTypeName="Microsoft.VisualStudio.TestTools.TestTypes.Unit.UnitTestAdapter, Microsoft.VisualStudio.QualityTools.Tips.UnitTest.Adapter, Version=10.0.0.0, Culture=neutral, PublicKeyToken=b03f5f7f11d50a3a" className="TestConnection.UnitTest1, TestConnection, Version=1.0.0.0, Culture=neutral, PublicKeyToken=null" name="ShouldBeAbleToOpenconnecton" />
    </UnitTest>
  </TestDefinitions>
  <TestLists>
    <TestList name="Results Not in a List" id="8c84fa94-04c1-424b-9868-57a2d4851a1d" />
    <TestList name="All Loaded Results" id="19431567-8539-422a-85d7-44ee4e166bda" />
  </TestLists>
  <TestEntries>
    <TestEntry testId="c5130e75-2100-d13f-a39a-1b297551a2e2" executionId="96688c88-b163-4381-a21d-a597e08984ac" testListId="8c84fa94-04c1-424b-9868-57a2d4851a1d" />
    <TestEntry testId="3115ed26-5e48-9c36-7327-9228485c3d9f" executionId="0afff714-fcb9-4af9-b3a0-6a5152cc7d72" testListId="8c84fa94-04c1-424b-9868-57a2d4851a1d" />
  </TestEntries>
  <Results>
    <UnitTestResult executionId="96688c88-b163-4381-a21d-a597e08984ac" testId="c5130e75-2100-d13f-a39a-1b297551a2e2" testName="ShouldBeAbleToOpenconnecton" computerName="WMLI032191" duration="00:00:00.0253586" startTime="2012-05-15T13:44:40.3006685+02:00" endTime="2012-05-15T13:44:41.3657272+02:00" testType="13cdc9d9-ddb5-4fa4-a97d-d965ccfc6d4b" outcome="Passed" testListId="8c84fa94-04c1-424b-9868-57a2d4851a1d" relativeResultsDirectory="96688c88-b163-4381-a21d-a597e08984ac">
    </UnitTestResult>
    <UnitTestResult executionId="0afff714-fcb9-4af9-b3a0-6a5152cc7d72" testId="3115ed26-5e48-9c36-7327-9228485c3d9f" testName="ShouldNotBeAbleToOpenconnectonTwice" computerName="WMLI032191" duration="00:00:00.0001809" startTime="2012-05-15T13:44:41.3737277+02:00" endTime="2012-05-15T13:44:41.3797280+02:00" testType="13cdc9d9-ddb5-4fa4-a97d-d965ccfc6d4b" outcome="Passed" testListId="8c84fa94-04c1-424b-9868-57a2d4851a1d" relativeResultsDirectory="0afff714-fcb9-4af9-b3a0-6a5152cc7d72">
    </UnitTestResult>
  </Results>
</TestRun>