<?xml version="1.0" encoding="UTF-8"?>
<TestRun id="c5be41e8-b393-497f-bfdc-f29574e36a75" name="gudmundssonm@WMLI032191 2012-05-15 13:55:44" runUser="GROUPINFRA\gudmundssonm" xmlns="http://microsoft.com/schemas/VisualStudio/TeamTest/2010">
  <TestSettings name="Local" id="86cf49bf-788a-4610-b4e9-4251082e7a36">
    <Description>These are default test settings for a local test run.</Description>
    <Deployment enabled="false" runDeploymentRoot="gudmundssonm_WMLI032191 2012-05-15 13_55_44">
      <DeploymentItem filename="c:\dotnet\ep.cs\ep.cs\bin\Debug\ep.cs.exe" />
    </Deployment>
    <Execution>
      <TestTypeSpecific />
      <AgentRule name="Execution Agents">
      </AgentRule>
    </Execution>
  </TestSettings>
  <Times creation="2012-05-15T13:55:44.3713915+02:00" queuing="2012-05-15T13:55:44.4743974+02:00" start="2012-05-15T13:55:44.4813978+02:00" finish="2012-05-15T13:55:44.8174171+02:00" />
  <ResultSummary outcome="Completed">
    <Counters total="2" executed="2" passed="2" error="0" failed="0" timeout="0" aborted="0" inconclusive="0" passedButRunAborted="0" notRunnable="0" notExecuted="0" disconnected="0" warning="0" completed="0" inProgress="0" pending="0" />
  </ResultSummary>
  <TestDefinitions>
    <UnitTest name="ShouldNotBeAbleToOpenconnectonTwice" storage="c:\dotnet\ep.cs\testconnection\bin\debug\testconnection.dll" id="3115ed26-5e48-9c36-7327-9228485c3d9f">
      <Execution id="5ea96951-4c9f-4d45-9555-1c57308efa37" />
      <TestMethod codeBase="c:/dotnet/ep.cs/TestConnection/bin/Debug/TestConnection.DLL" adapterTypeName="Microsoft.VisualStudio.TestTools.TestTypes.Unit.UnitTestAdapter, Microsoft.VisualStudio.QualityTools.Tips.UnitTest.Adapter, Version=10.0.0.0, Culture=neutral, PublicKeyToken=b03f5f7f11d50a3a" className="TestConnection.UnitTest1, TestConnection, Version=1.0.0.0, Culture=neutral, PublicKeyToken=null" name="ShouldNotBeAbleToOpenconnectonTwice" />
    </UnitTest>
    <UnitTest name="ShouldBeAbleToOpenconnecton" storage="c:\dotnet\ep.cs\testconnection\bin\debug\testconnection.dll" id="c5130e75-2100-d13f-a39a-1b297551a2e2">
      <Execution id="12763281-bced-41ba-ac40-0ddb49b89339" />
      <TestMethod codeBase="c:/dotnet/ep.cs/TestConnection/bin/Debug/TestConnection.DLL" adapterTypeName="Microsoft.VisualStudio.TestTools.TestTypes.Unit.UnitTestAdapter, Microsoft.VisualStudio.QualityTools.Tips.UnitTest.Adapter, Version=10.0.0.0, Culture=neutral, PublicKeyToken=b03f5f7f11d50a3a" className="TestConnection.UnitTest1, TestConnection, Version=1.0.0.0, Culture=neutral, PublicKeyToken=null" name="ShouldBeAbleToOpenconnecton" />
    </UnitTest>
  </TestDefinitions>
  <TestLists>
    <TestList name="Results Not in a List" id="8c84fa94-04c1-424b-9868-57a2d4851a1d" />
    <TestList name="All Loaded Results" id="19431567-8539-422a-85d7-44ee4e166bda" />
  </TestLists>
  <TestEntries>
    <TestEntry testId="c5130e75-2100-d13f-a39a-1b297551a2e2" executionId="12763281-bced-41ba-ac40-0ddb49b89339" testListId="8c84fa94-04c1-424b-9868-57a2d4851a1d" />
    <TestEntry testId="3115ed26-5e48-9c36-7327-9228485c3d9f" executionId="5ea96951-4c9f-4d45-9555-1c57308efa37" testListId="8c84fa94-04c1-424b-9868-57a2d4851a1d" />
  </TestEntries>
  <Results>
    <UnitTestResult executionId="12763281-bced-41ba-ac40-0ddb49b89339" testId="c5130e75-2100-d13f-a39a-1b297551a2e2" testName="ShouldBeAbleToOpenconnecton" computerName="WMLI032191" duration="00:00:00.0192832" startTime="2012-05-15T13:55:44.4843980+02:00" endTime="2012-05-15T13:55:44.7354124+02:00" testType="13cdc9d9-ddb5-4fa4-a97d-d965ccfc6d4b" outcome="Passed" testListId="8c84fa94-04c1-424b-9868-57a2d4851a1d" relativeResultsDirectory="12763281-bced-41ba-ac40-0ddb49b89339">
    </UnitTestResult>
    <UnitTestResult executionId="5ea96951-4c9f-4d45-9555-1c57308efa37" testId="3115ed26-5e48-9c36-7327-9228485c3d9f" testName="ShouldNotBeAbleToOpenconnectonTwice" computerName="WMLI032191" duration="00:00:00.0566103" startTime="2012-05-15T13:55:44.7364124+02:00" endTime="2012-05-15T13:55:44.7964159+02:00" testType="13cdc9d9-ddb5-4fa4-a97d-d965ccfc6d4b" outcome="Passed" testListId="8c84fa94-04c1-424b-9868-57a2d4851a1d" relativeResultsDirectory="5ea96951-4c9f-4d45-9555-1c57308efa37">
    </UnitTestResult>
  </Results>
</TestRun>