<?xml version="1.0" encoding="UTF-8"?>
<TestRun id="99428882-143e-433e-929a-6abfeb295b34" name="gudmundssonm@WMLI032191 2012-05-15 14:17:32" runUser="GROUPINFRA\gudmundssonm" xmlns="http://microsoft.com/schemas/VisualStudio/TeamTest/2010">
  <TestSettings name="Local" id="86cf49bf-788a-4610-b4e9-4251082e7a36">
    <Description>These are default test settings for a local test run.</Description>
    <Deployment enabled="false" runDeploymentRoot="gudmundssonm_WMLI032191 2012-05-15 14_17_32">
      <DeploymentItem filename="c:\dotnet\ep.cs\ep.cs\bin\Debug\ep.cs.exe" />
    </Deployment>
    <Execution>
      <TestTypeSpecific />
      <AgentRule name="Execution Agents">
      </AgentRule>
    </Execution>
  </TestSettings>
  <Times creation="2012-05-15T14:17:32.2858080+02:00" queuing="2012-05-15T14:17:33.9258962+02:00" start="2012-05-15T14:17:34.0459031+02:00" finish="2012-05-15T14:17:39.9362266+02:00" />
  <ResultSummary outcome="Completed">
    <Counters total="5" executed="5" passed="5" error="0" failed="0" timeout="0" aborted="0" inconclusive="0" passedButRunAborted="0" notRunnable="0" notExecuted="0" disconnected="0" warning="0" completed="0" inProgress="0" pending="0" />
  </ResultSummary>
  <TestDefinitions>
    <UnitTest name="ShouldBeAbleToCloseConnection" storage="c:\dotnet\ep.cs\testconnection\bin\debug\testconnection.dll" id="f42db958-f3ac-165d-b535-eb51081ae795">
      <Execution id="71844ceb-9789-4edc-adc2-78a30ce7d5f7" />
      <TestMethod codeBase="c:/dotnet/ep.cs/TestConnection/bin/Debug/TestConnection.DLL" adapterTypeName="Microsoft.VisualStudio.TestTools.TestTypes.Unit.UnitTestAdapter, Microsoft.VisualStudio.QualityTools.Tips.UnitTest.Adapter, Version=10.0.0.0, Culture=neutral, PublicKeyToken=b03f5f7f11d50a3a" className="TestConnection.UnitTest1, TestConnection, Version=1.0.0.0, Culture=neutral, PublicKeyToken=null" name="ShouldBeAbleToCloseConnection" />
    </UnitTest>
    <UnitTest name="ShouldBeAbleToLoginWhenConnectionIsOpen" storage="c:\dotnet\ep.cs\testconnection\bin\debug\testconnection.dll" id="0d4375eb-99c1-69da-fe52-1b80659b6570">
      <Execution id="ccb3af4e-273a-4e93-b098-0e2171e26d2d" />
      <TestMethod codeBase="c:/dotnet/ep.cs/TestConnection/bin/Debug/TestConnection.DLL" adapterTypeName="Microsoft.VisualStudio.TestTools.TestTypes.Unit.UnitTestAdapter, Microsoft.VisualStudio.QualityTools.Tips.UnitTest.Adapter, Version=10.0.0.0, Culture=neutral, PublicKeyToken=b03f5f7f11d50a3a" className="TestConnection.UnitTest1, TestConnection, Version=1.0.0.0, Culture=neutral, PublicKeyToken=null" name="ShouldBeAbleToLoginWhenConnectionIsOpen" />
    </UnitTest>
    <UnitTest name="ShouldNotBeAbleToOpenconnectonTwice" storage="c:\dotnet\ep.cs\testconnection\bin\debug\testconnection.dll" id="3115ed26-5e48-9c36-7327-9228485c3d9f">
      <Execution id="e66caa1e-e1ec-4880-ae91-b9e6d9fa38a3" />
      <TestMethod codeBase="c:/dotnet/ep.cs/TestConnection/bin/Debug/TestConnection.DLL" adapterTypeName="Microsoft.VisualStudio.TestTools.TestTypes.Unit.UnitTestAdapter, Microsoft.VisualStudio.QualityTools.Tips.UnitTest.Adapter, Version=10.0.0.0, Culture=neutral, PublicKeyToken=b03f5f7f11d50a3a" className="TestConnection.UnitTest1, TestConnection, Version=1.0.0.0, Culture=neutral, PublicKeyToken=null" name="ShouldNotBeAbleToOpenconnectonTwice" />
    </UnitTest>
    <UnitTest name="ShouldNotBeAbleToLoginWhenConnectionIsClosed" storage="c:\dotnet\ep.cs\testconnection\bin\debug\testconnection.dll" id="71d6bebf-05fa-30c0-c032-8f76f81cdad7">
      <Execution id="449a5360-d9f5-466c-8b6f-e64e02dfbe67" />
      <TestMethod codeBase="c:/dotnet/ep.cs/TestConnection/bin/Debug/TestConnection.DLL" adapterTypeName="Microsoft.VisualStudio.TestTools.TestTypes.Unit.UnitTestAdapter, Microsoft.VisualStudio.QualityTools.Tips.UnitTest.Adapter, Version=10.0.0.0, Culture=neutral, PublicKeyToken=b03f5f7f11d50a3a" className="TestConnection.UnitTest1, TestConnection, Version=1.0.0.0, Culture=neutral, PublicKeyToken=null" name="ShouldNotBeAbleToLoginWhenConnectionIsClosed" />
    </UnitTest>
    <UnitTest name="ShouldBeAbleToOpenConnection" storage="c:\dotnet\ep.cs\testconnection\bin\debug\testconnection.dll" id="6389bea3-7376-e850-0934-243aa2ed45dd">
      <Execution id="5bfe5d7d-803b-471f-b878-a7628c787954" />
      <TestMethod codeBase="c:/dotnet/ep.cs/TestConnection/bin/Debug/TestConnection.DLL" adapterTypeName="Microsoft.VisualStudio.TestTools.TestTypes.Unit.UnitTestAdapter, Microsoft.VisualStudio.QualityTools.Tips.UnitTest.Adapter, Version=10.0.0.0, Culture=neutral, PublicKeyToken=b03f5f7f11d50a3a" className="TestConnection.UnitTest1, TestConnection, Version=1.0.0.0, Culture=neutral, PublicKeyToken=null" name="ShouldBeAbleToOpenConnection" />
    </UnitTest>
  </TestDefinitions>
  <TestLists>
    <TestList name="Results Not in a List" id="8c84fa94-04c1-424b-9868-57a2d4851a1d" />
    <TestList name="All Loaded Results" id="19431567-8539-422a-85d7-44ee4e166bda" />
  </TestLists>
  <TestEntries>
    <TestEntry testId="3115ed26-5e48-9c36-7327-9228485c3d9f" executionId="e66caa1e-e1ec-4880-ae91-b9e6d9fa38a3" testListId="8c84fa94-04c1-424b-9868-57a2d4851a1d" />
    <TestEntry testId="6389bea3-7376-e850-0934-243aa2ed45dd" executionId="5bfe5d7d-803b-471f-b878-a7628c787954" testListId="8c84fa94-04c1-424b-9868-57a2d4851a1d" />
    <TestEntry testId="f42db958-f3ac-165d-b535-eb51081ae795" executionId="71844ceb-9789-4edc-adc2-78a30ce7d5f7" testListId="8c84fa94-04c1-424b-9868-57a2d4851a1d" />
    <TestEntry testId="0d4375eb-99c1-69da-fe52-1b80659b6570" executionId="ccb3af4e-273a-4e93-b098-0e2171e26d2d" testListId="8c84fa94-04c1-424b-9868-57a2d4851a1d" />
    <TestEntry testId="71d6bebf-05fa-30c0-c032-8f76f81cdad7" executionId="449a5360-d9f5-466c-8b6f-e64e02dfbe67" testListId="8c84fa94-04c1-424b-9868-57a2d4851a1d" />
  </TestEntries>
  <Results>
    <UnitTestResult executionId="e66caa1e-e1ec-4880-ae91-b9e6d9fa38a3" testId="3115ed26-5e48-9c36-7327-9228485c3d9f" testName="ShouldNotBeAbleToOpenconnectonTwice" computerName="WMLI032191" duration="00:00:03.7852968" startTime="2012-05-15T14:17:34.0939058+02:00" endTime="2012-05-15T14:17:38.9851744+02:00" testType="13cdc9d9-ddb5-4fa4-a97d-d965ccfc6d4b" outcome="Passed" testListId="8c84fa94-04c1-424b-9868-57a2d4851a1d" relativeResultsDirectory="e66caa1e-e1ec-4880-ae91-b9e6d9fa38a3">
    </UnitTestResult>
    <UnitTestResult executionId="5bfe5d7d-803b-471f-b878-a7628c787954" testId="6389bea3-7376-e850-0934-243aa2ed45dd" testName="ShouldBeAbleToOpenConnection" computerName="WMLI032191" duration="00:00:00.0010605" startTime="2012-05-15T14:17:38.9941750+02:00" endTime="2012-05-15T14:17:39.0001753+02:00" testType="13cdc9d9-ddb5-4fa4-a97d-d965ccfc6d4b" outcome="Passed" testListId="8c84fa94-04c1-424b-9868-57a2d4851a1d" relativeResultsDirectory="5bfe5d7d-803b-471f-b878-a7628c787954">
    </UnitTestResult>
    <UnitTestResult executionId="71844ceb-9789-4edc-adc2-78a30ce7d5f7" testId="f42db958-f3ac-165d-b535-eb51081ae795" testName="ShouldBeAbleToCloseConnection" computerName="WMLI032191" duration="00:00:00.0003958" startTime="2012-05-15T14:17:39.0151762+02:00" endTime="2012-05-15T14:17:39.0211765+02:00" testType="13cdc9d9-ddb5-4fa4-a97d-d965ccfc6d4b" outcome="Passed" testListId="8c84fa94-04c1-424b-9868-57a2d4851a1d" relativeResultsDirectory="71844ceb-9789-4edc-adc2-78a30ce7d5f7">
    </UnitTestResult>
    <UnitTestResult executionId="ccb3af4e-273a-4e93-b098-0e2171e26d2d" testId="0d4375eb-99c1-69da-fe52-1b80659b6570" testName="ShouldBeAbleToLoginWhenConnectionIsOpen" computerName="WMLI032191" duration="00:00:00.0005620" startTime="2012-05-15T14:17:39.0271769+02:00" endTime="2012-05-15T14:17:39.0331772+02:00" testType="13cdc9d9-ddb5-4fa4-a97d-d965ccfc6d4b" outcome="Passed" testListId="8c84fa94-04c1-424b-9868-57a2d4851a1d" relativeResultsDirectory="ccb3af4e-273a-4e93-b098-0e2171e26d2d">
    </UnitTestResult>
    <UnitTestResult executionId="449a5360-d9f5-466c-8b6f-e64e02dfbe67" testId="71d6bebf-05fa-30c0-c032-8f76f81cdad7" testName="ShouldNotBeAbleToLoginWhenConnectionIsClosed" computerName="WMLI032191" duration="00:00:00.8177900" startTime="2012-05-15T14:17:39.0381775+02:00" endTime="2012-05-15T14:17:39.8612223+02:00" testType="13cdc9d9-ddb5-4fa4-a97d-d965ccfc6d4b" outcome="Passed" testListId="8c84fa94-04c1-424b-9868-57a2d4851a1d" relativeResultsDirectory="449a5360-d9f5-466c-8b6f-e64e02dfbe67">
    </UnitTestResult>
  </Results>
</TestRun>