<?xml version="1.0" encoding="UTF-8"?>
<TestRun id="fa0d8862-4353-46de-9757-7827ff5813ef" name="gudmundssonm@WMLI032191 2012-05-15 14:36:40" runUser="GROUPINFRA\gudmundssonm" xmlns="http://microsoft.com/schemas/VisualStudio/TeamTest/2010">
  <TestSettings name="Local" id="86cf49bf-788a-4610-b4e9-4251082e7a36">
    <Description>These are default test settings for a local test run.</Description>
    <Deployment enabled="false" runDeploymentRoot="gudmundssonm_WMLI032191 2012-05-15 14_36_40">
      <DeploymentItem filename="c:\dotnet\ep.cs\ep.cs\bin\Debug\ep.cs.exe" />
    </Deployment>
    <Execution>
      <TestTypeSpecific />
      <AgentRule name="Execution Agents">
      </AgentRule>
    </Execution>
  </TestSettings>
  <Times creation="2012-05-15T14:36:40.7099364+02:00" queuing="2012-05-15T14:36:42.1560158+02:00" start="2012-05-15T14:36:42.2840209+02:00" finish="2012-05-15T14:36:49.3874104+02:00" />
  <ResultSummary outcome="Failed">
    <Counters total="7" executed="7" passed="5" error="0" failed="2" timeout="0" aborted="0" inconclusive="0" passedButRunAborted="0" notRunnable="0" notExecuted="0" disconnected="0" warning="0" completed="0" inProgress="0" pending="0" />
  </ResultSummary>
  <TestDefinitions>
    <UnitTest name="ShouldNotBeAbleToLogoutWhenConnectionIsClosed" storage="c:\dotnet\ep.cs\testconnection\bin\debug\testconnection.dll" id="2d4db660-729f-b4ad-f15a-4948f998ca2d">
      <Execution id="a7398e45-44fd-4c48-9a22-a429302f8672" />
      <TestMethod codeBase="c:/dotnet/ep.cs/TestConnection/bin/Debug/TestConnection.DLL" adapterTypeName="Microsoft.VisualStudio.TestTools.TestTypes.Unit.UnitTestAdapter, Microsoft.VisualStudio.QualityTools.Tips.UnitTest.Adapter, Version=10.0.0.0, Culture=neutral, PublicKeyToken=b03f5f7f11d50a3a" className="TestConnection.UnitTest1, TestConnection, Version=1.0.0.0, Culture=neutral, PublicKeyToken=null" name="ShouldNotBeAbleToLogoutWhenConnectionIsClosed" />
    </UnitTest>
    <UnitTest name="ShouldNotBeAbleToOpenconnectonTwice" storage="c:\dotnet\ep.cs\testconnection\bin\debug\testconnection.dll" id="3115ed26-5e48-9c36-7327-9228485c3d9f">
      <Execution id="c33e57da-e9b2-46fe-9795-09fa3cf5d7b3" />
      <TestMethod codeBase="c:/dotnet/ep.cs/TestConnection/bin/Debug/TestConnection.DLL" adapterTypeName="Microsoft.VisualStudio.TestTools.TestTypes.Unit.UnitTestAdapter, Microsoft.VisualStudio.QualityTools.Tips.UnitTest.Adapter, Version=10.0.0.0, Culture=neutral, PublicKeyToken=b03f5f7f11d50a3a" className="TestConnection.UnitTest1, TestConnection, Version=1.0.0.0, Culture=neutral, PublicKeyToken=null" name="ShouldNotBeAbleToOpenconnectonTwice" />
    </UnitTest>
    <UnitTest name="ShouldBeAbleToOpenConnection" storage="c:\dotnet\ep.cs\testconnection\bin\debug\testconnection.dll" id="6389bea3-7376-e850-0934-243aa2ed45dd">
      <Execution id="788eb452-24e7-439a-9651-fa661c479a93" />
      <TestMethod codeBase="c:/dotnet/ep.cs/TestConnection/bin/Debug/TestConnection.DLL" adapterTypeName="Microsoft.VisualStudio.TestTools.TestTypes.Unit.UnitTestAdapter, Microsoft.VisualStudio.QualityTools.Tips.UnitTest.Adapter, Version=10.0.0.0, Culture=neutral, PublicKeyToken=b03f5f7f11d50a3a" className="TestConnection.UnitTest1, TestConnection, Version=1.0.0.0, Culture=neutral, PublicKeyToken=null" name="ShouldBeAbleToOpenConnection" />
    </UnitTest>
    <UnitTest name="ShouldBeAbleToCloseConnection" storage="c:\dotnet\ep.cs\testconnection\bin\debug\testconnection.dll" id="f42db958-f3ac-165d-b535-eb51081ae795">
      <Execution id="7f585627-a695-4aec-a42a-e0cd8e6729a4" />
      <TestMethod codeBase="c:/dotnet/ep.cs/TestConnection/bin/Debug/TestConnection.DLL" adapterTypeName="Microsoft.VisualStudio.TestTools.TestTypes.Unit.UnitTestAdapter, Microsoft.VisualStudio.QualityTools.Tips.UnitTest.Adapter, Version=10.0.0.0, Culture=neutral, PublicKeyToken=b03f5f7f11d50a3a" className="TestConnection.UnitTest1, TestConnection, Version=1.0.0.0, Culture=neutral, PublicKeyToken=null" name="ShouldBeAbleToCloseConnection" />
    </UnitTest>
    <UnitTest name="ShouldBeAbleToLogOutWhenConnectionIsOpen" storage="c:\dotnet\ep.cs\testconnection\bin\debug\testconnection.dll" id="bfbc39ad-b303-6057-e755-70e261cb283a">
      <Execution id="b7a39a31-9ced-4b62-85a6-44bbe6662124" />
      <TestMethod codeBase="c:/dotnet/ep.cs/TestConnection/bin/Debug/TestConnection.DLL" adapterTypeName="Microsoft.VisualStudio.TestTools.TestTypes.Unit.UnitTestAdapter, Microsoft.VisualStudio.QualityTools.Tips.UnitTest.Adapter, Version=10.0.0.0, Culture=neutral, PublicKeyToken=b03f5f7f11d50a3a" className="TestConnection.UnitTest1, TestConnection, Version=1.0.0.0, Culture=neutral, PublicKeyToken=null" name="ShouldBeAbleToLogOutWhenConnectionIsOpen" />
    </UnitTest>
    <UnitTest name="ShouldNotBeAbleToLoginWhenConnectionIsClosed" storage="c:\dotnet\ep.cs\testconnection\bin\debug\testconnection.dll" id="71d6bebf-05fa-30c0-c032-8f76f81cdad7">
      <Execution id="737ce75d-cfe7-4c97-85c7-1f196a0174e1" />
      <TestMethod codeBase="c:/dotnet/ep.cs/TestConnection/bin/Debug/TestConnection.DLL" adapterTypeName="Microsoft.VisualStudio.TestTools.TestTypes.Unit.UnitTestAdapter, Microsoft.VisualStudio.QualityTools.Tips.UnitTest.Adapter, Version=10.0.0.0, Culture=neutral, PublicKeyToken=b03f5f7f11d50a3a" className="TestConnection.UnitTest1, TestConnection, Version=1.0.0.0, Culture=neutral, PublicKeyToken=null" name="ShouldNotBeAbleToLoginWhenConnectionIsClosed" />
    </UnitTest>
    <UnitTest name="ShouldBeAbleToLoginWhenConnectionIsOpen" storage="c:\dotnet\ep.cs\testconnection\bin\debug\testconnection.dll" id="0d4375eb-99c1-69da-fe52-1b80659b6570">
      <Execution id="da5b7ac0-c658-4d0f-a469-afac3714bdfc" />
      <TestMethod codeBase="c:/dotnet/ep.cs/TestConnection/bin/Debug/TestConnection.DLL" adapterTypeName="Microsoft.VisualStudio.TestTools.TestTypes.Unit.UnitTestAdapter, Microsoft.VisualStudio.QualityTools.Tips.UnitTest.Adapter, Version=10.0.0.0, Culture=neutral, PublicKeyToken=b03f5f7f11d50a3a" className="TestConnection.UnitTest1, TestConnection, Version=1.0.0.0, Culture=neutral, PublicKeyToken=null" name="ShouldBeAbleToLoginWhenConnectionIsOpen" />
    </UnitTest>
  </TestDefinitions>
  <TestLists>
    <TestList name="Results Not in a List" id="8c84fa94-04c1-424b-9868-57a2d4851a1d" />
    <TestList name="All Loaded Results" id="19431567-8539-422a-85d7-44ee4e166bda" />
  </TestLists>
  <TestEntries>
    <TestEntry testId="3115ed26-5e48-9c36-7327-9228485c3d9f" executionId="c33e57da-e9b2-46fe-9795-09fa3cf5d7b3" testListId="8c84fa94-04c1-424b-9868-57a2d4851a1d" />
    <TestEntry testId="6389bea3-7376-e850-0934-243aa2ed45dd" executionId="788eb452-24e7-439a-9651-fa661c479a93" testListId="8c84fa94-04c1-424b-9868-57a2d4851a1d" />
    <TestEntry testId="f42db958-f3ac-165d-b535-eb51081ae795" executionId="7f585627-a695-4aec-a42a-e0cd8e6729a4" testListId="8c84fa94-04c1-424b-9868-57a2d4851a1d" />
    <TestEntry testId="0d4375eb-99c1-69da-fe52-1b80659b6570" executionId="da5b7ac0-c658-4d0f-a469-afac3714bdfc" testListId="8c84fa94-04c1-424b-9868-57a2d4851a1d" />
    <TestEntry testId="71d6bebf-05fa-30c0-c032-8f76f81cdad7" executionId="737ce75d-cfe7-4c97-85c7-1f196a0174e1" testListId="8c84fa94-04c1-424b-9868-57a2d4851a1d" />
    <TestEntry testId="bfbc39ad-b303-6057-e755-70e261cb283a" executionId="b7a39a31-9ced-4b62-85a6-44bbe6662124" testListId="8c84fa94-04c1-424b-9868-57a2d4851a1d" />
    <TestEntry testId="2d4db660-729f-b4ad-f15a-4948f998ca2d" executionId="a7398e45-44fd-4c48-9a22-a429302f8672" testListId="8c84fa94-04c1-424b-9868-57a2d4851a1d" />
  </TestEntries>
  <Results>
    <UnitTestResult executionId="c33e57da-e9b2-46fe-9795-09fa3cf5d7b3" testId="3115ed26-5e48-9c36-7327-9228485c3d9f" testName="ShouldNotBeAbleToOpenconnectonTwice" computerName="WMLI032191" duration="00:00:03.1788941" startTime="2012-05-15T14:36:42.3370239+02:00" endTime="2012-05-15T14:36:46.6182576+02:00" testType="13cdc9d9-ddb5-4fa4-a97d-d965ccfc6d4b" outcome="Passed" testListId="8c84fa94-04c1-424b-9868-57a2d4851a1d" relativeResultsDirectory="c33e57da-e9b2-46fe-9795-09fa3cf5d7b3">
    </UnitTestResult>
    <UnitTestResult executionId="788eb452-24e7-439a-9651-fa661c479a93" testId="6389bea3-7376-e850-0934-243aa2ed45dd" testName="ShouldBeAbleToOpenConnection" computerName="WMLI032191" duration="00:00:00.0012017" startTime="2012-05-15T14:36:46.6362587+02:00" endTime="2012-05-15T14:36:46.6442591+02:00" testType="13cdc9d9-ddb5-4fa4-a97d-d965ccfc6d4b" outcome="Passed" testListId="8c84fa94-04c1-424b-9868-57a2d4851a1d" relativeResultsDirectory="788eb452-24e7-439a-9651-fa661c479a93">
    </UnitTestResult>
    <UnitTestResult executionId="7f585627-a695-4aec-a42a-e0cd8e6729a4" testId="f42db958-f3ac-165d-b535-eb51081ae795" testName="ShouldBeAbleToCloseConnection" computerName="WMLI032191" duration="00:00:00.0002681" startTime="2012-05-15T14:36:46.6552597+02:00" endTime="2012-05-15T14:36:46.6632602+02:00" testType="13cdc9d9-ddb5-4fa4-a97d-d965ccfc6d4b" outcome="Passed" testListId="8c84fa94-04c1-424b-9868-57a2d4851a1d" relativeResultsDirectory="7f585627-a695-4aec-a42a-e0cd8e6729a4">
    </UnitTestResult>
    <UnitTestResult executionId="da5b7ac0-c658-4d0f-a469-afac3714bdfc" testId="0d4375eb-99c1-69da-fe52-1b80659b6570" testName="ShouldBeAbleToLoginWhenConnectionIsOpen" computerName="WMLI032191" duration="00:00:00.0010823" startTime="2012-05-15T14:36:46.6702606+02:00" endTime="2012-05-15T14:36:46.6762609+02:00" testType="13cdc9d9-ddb5-4fa4-a97d-d965ccfc6d4b" outcome="Passed" testListId="8c84fa94-04c1-424b-9868-57a2d4851a1d" relativeResultsDirectory="da5b7ac0-c658-4d0f-a469-afac3714bdfc">
    </UnitTestResult>
    <UnitTestResult executionId="737ce75d-cfe7-4c97-85c7-1f196a0174e1" testId="71d6bebf-05fa-30c0-c032-8f76f81cdad7" testName="ShouldNotBeAbleToLoginWhenConnectionIsClosed" computerName="WMLI032191" duration="00:00:01.0153348" startTime="2012-05-15T14:36:46.6812612+02:00" endTime="2012-05-15T14:36:47.7023174+02:00" testType="13cdc9d9-ddb5-4fa4-a97d-d965ccfc6d4b" outcome="Passed" testListId="8c84fa94-04c1-424b-9868-57a2d4851a1d" relativeResultsDirectory="737ce75d-cfe7-4c97-85c7-1f196a0174e1">
    </UnitTestResult>
    <UnitTestResult executionId="b7a39a31-9ced-4b62-85a6-44bbe6662124" testId="bfbc39ad-b303-6057-e755-70e261cb283a" testName="ShouldBeAbleToLogOutWhenConnectionIsOpen" computerName="WMLI032191" duration="00:00:00.8127624" startTime="2012-05-15T14:36:47.7133180+02:00" endTime="2012-05-15T14:36:48.5323615+02:00" testType="13cdc9d9-ddb5-4fa4-a97d-d965ccfc6d4b" outcome="Failed" testListId="8c84fa94-04c1-424b-9868-57a2d4851a1d" relativeResultsDirectory="b7a39a31-9ced-4b62-85a6-44bbe6662124">
      <Output>
        <ErrorInfo>
          <Message>Test method TestConnection.UnitTest1.ShouldBeAbleToLogOutWhenConnectionIsOpen threw exception: 
System.NotImplementedException: The method or operation is not implemented.</Message>
          <StackTrace>    at exercise.ConnectionImp.Logout() in c:\dotnet\ep.cs\ep.cs\ConnectionImp.cs:line 72
   at TestConnection.UnitTest1.ShouldBeAbleToLogOutWhenConnectionIsOpen() in c:\dotnet\ep.cs\TestConnection\TestConnectionImp.cs:line 133
</StackTrace>
        </ErrorInfo>
      </Output>
    </UnitTestResult>
    <UnitTestResult executionId="a7398e45-44fd-4c48-9a22-a429302f8672" testId="2d4db660-729f-b4ad-f15a-4948f998ca2d" testName="ShouldNotBeAbleToLogoutWhenConnectionIsClosed" computerName="WMLI032191" duration="00:00:00.7273603" startTime="2012-05-15T14:36:48.5393619+02:00" endTime="2012-05-15T14:36:49.2724039+02:00" testType="13cdc9d9-ddb5-4fa4-a97d-d965ccfc6d4b" outcome="Failed" testListId="8c84fa94-04c1-424b-9868-57a2d4851a1d" relativeResultsDirectory="a7398e45-44fd-4c48-9a22-a429302f8672">
      <Output>
        <ErrorInfo>
          <Message>Test method TestConnection.UnitTest1.ShouldNotBeAbleToLogoutWhenConnectionIsClosed threw exception System.NotImplementedException, but exception exercise.ConnectionIsClosedException was expected. Exception message: System.NotImplementedException: The method or operation is not implemented.</Message>
          <StackTrace>    at exercise.ConnectionImp.Logout() in c:\dotnet\ep.cs\ep.cs\ConnectionImp.cs:line 72
   at TestConnection.UnitTest1.ShouldNotBeAbleToLogoutWhenConnectionIsClosed() in c:\dotnet\ep.cs\TestConnection\TestConnectionImp.cs:line 144
</StackTrace>
        </ErrorInfo>
      </Output>
    </UnitTestResult>
  </Results>
</TestRun>