<?xml version="1.0" encoding="UTF-8"?>
<TestRun id="f75550c1-28d8-48b6-8c8c-d023d1101f3b" name="gudmundssonm@WMLI032191 2012-05-15 14:16:46" runUser="GROUPINFRA\gudmundssonm" xmlns="http://microsoft.com/schemas/VisualStudio/TeamTest/2010">
  <TestSettings name="Local" id="86cf49bf-788a-4610-b4e9-4251082e7a36">
    <Description>These are default test settings for a local test run.</Description>
    <Deployment enabled="false" runDeploymentRoot="gudmundssonm_WMLI032191 2012-05-15 14_16_46">
      <DeploymentItem filename="c:\dotnet\ep.cs\ep.cs\bin\Debug\ep.cs.exe" />
    </Deployment>
    <Execution>
      <TestTypeSpecific />
      <AgentRule name="Execution Agents">
      </AgentRule>
    </Execution>
  </TestSettings>
  <Times creation="2012-05-15T14:16:46.2032727+02:00" queuing="2012-05-15T14:16:47.7173537+02:00" start="2012-05-15T14:16:47.8593618+02:00" finish="2012-05-15T14:16:53.6066794+02:00" />
  <ResultSummary outcome="Failed">
    <Counters total="5" executed="5" passed="4" error="0" failed="1" timeout="0" aborted="0" inconclusive="0" passedButRunAborted="0" notRunnable="0" notExecuted="0" disconnected="0" warning="0" completed="0" inProgress="0" pending="0" />
  </ResultSummary>
  <TestDefinitions>
    <UnitTest name="ShouldBeAbleToCloseConnection" storage="c:\dotnet\ep.cs\testconnection\bin\debug\testconnection.dll" id="f42db958-f3ac-165d-b535-eb51081ae795">
      <Execution id="c88beac5-ef49-4a23-94bf-df1303642b16" />
      <TestMethod codeBase="c:/dotnet/ep.cs/TestConnection/bin/Debug/TestConnection.DLL" adapterTypeName="Microsoft.VisualStudio.TestTools.TestTypes.Unit.UnitTestAdapter, Microsoft.VisualStudio.QualityTools.Tips.UnitTest.Adapter, Version=10.0.0.0, Culture=neutral, PublicKeyToken=b03f5f7f11d50a3a" className="TestConnection.UnitTest1, TestConnection, Version=1.0.0.0, Culture=neutral, PublicKeyToken=null" name="ShouldBeAbleToCloseConnection" />
    </UnitTest>
    <UnitTest name="ShouldBeAbleToLoginWhenConnectionIsOpen" storage="c:\dotnet\ep.cs\testconnection\bin\debug\testconnection.dll" id="0d4375eb-99c1-69da-fe52-1b80659b6570">
      <Execution id="e5530529-4da7-4d57-9517-573f9b2d7ac6" />
      <TestMethod codeBase="c:/dotnet/ep.cs/TestConnection/bin/Debug/TestConnection.DLL" adapterTypeName="Microsoft.VisualStudio.TestTools.TestTypes.Unit.UnitTestAdapter, Microsoft.VisualStudio.QualityTools.Tips.UnitTest.Adapter, Version=10.0.0.0, Culture=neutral, PublicKeyToken=b03f5f7f11d50a3a" className="TestConnection.UnitTest1, TestConnection, Version=1.0.0.0, Culture=neutral, PublicKeyToken=null" name="ShouldBeAbleToLoginWhenConnectionIsOpen" />
    </UnitTest>
    <UnitTest name="ShouldNotBeAbleToOpenconnectonTwice" storage="c:\dotnet\ep.cs\testconnection\bin\debug\testconnection.dll" id="3115ed26-5e48-9c36-7327-9228485c3d9f">
      <Execution id="ccd6b71e-ea97-4af5-a301-24f5c45c28d7" />
      <TestMethod codeBase="c:/dotnet/ep.cs/TestConnection/bin/Debug/TestConnection.DLL" adapterTypeName="Microsoft.VisualStudio.TestTools.TestTypes.Unit.UnitTestAdapter, Microsoft.VisualStudio.QualityTools.Tips.UnitTest.Adapter, Version=10.0.0.0, Culture=neutral, PublicKeyToken=b03f5f7f11d50a3a" className="TestConnection.UnitTest1, TestConnection, Version=1.0.0.0, Culture=neutral, PublicKeyToken=null" name="ShouldNotBeAbleToOpenconnectonTwice" />
    </UnitTest>
    <UnitTest name="ShouldNotBeAbleToLoginWhenConnectionIsClosed" storage="c:\dotnet\ep.cs\testconnection\bin\debug\testconnection.dll" id="71d6bebf-05fa-30c0-c032-8f76f81cdad7">
      <Execution id="33fe46bc-78dd-45b3-9d41-da44eeefa9d7" />
      <TestMethod codeBase="c:/dotnet/ep.cs/TestConnection/bin/Debug/TestConnection.DLL" adapterTypeName="Microsoft.VisualStudio.TestTools.TestTypes.Unit.UnitTestAdapter, Microsoft.VisualStudio.QualityTools.Tips.UnitTest.Adapter, Version=10.0.0.0, Culture=neutral, PublicKeyToken=b03f5f7f11d50a3a" className="TestConnection.UnitTest1, TestConnection, Version=1.0.0.0, Culture=neutral, PublicKeyToken=null" name="ShouldNotBeAbleToLoginWhenConnectionIsClosed" />
    </UnitTest>
    <UnitTest name="ShouldBeAbleToOpenConnection" storage="c:\dotnet\ep.cs\testconnection\bin\debug\testconnection.dll" id="6389bea3-7376-e850-0934-243aa2ed45dd">
      <Execution id="7591d616-1b9f-44e9-97fc-94a47da8a4ff" />
      <TestMethod codeBase="c:/dotnet/ep.cs/TestConnection/bin/Debug/TestConnection.DLL" adapterTypeName="Microsoft.VisualStudio.TestTools.TestTypes.Unit.UnitTestAdapter, Microsoft.VisualStudio.QualityTools.Tips.UnitTest.Adapter, Version=10.0.0.0, Culture=neutral, PublicKeyToken=b03f5f7f11d50a3a" className="TestConnection.UnitTest1, TestConnection, Version=1.0.0.0, Culture=neutral, PublicKeyToken=null" name="ShouldBeAbleToOpenConnection" />
    </UnitTest>
  </TestDefinitions>
  <TestLists>
    <TestList name="Results Not in a List" id="8c84fa94-04c1-424b-9868-57a2d4851a1d" />
    <TestList name="All Loaded Results" id="19431567-8539-422a-85d7-44ee4e166bda" />
  </TestLists>
  <TestEntries>
    <TestEntry testId="3115ed26-5e48-9c36-7327-9228485c3d9f" executionId="ccd6b71e-ea97-4af5-a301-24f5c45c28d7" testListId="8c84fa94-04c1-424b-9868-57a2d4851a1d" />
    <TestEntry testId="6389bea3-7376-e850-0934-243aa2ed45dd" executionId="7591d616-1b9f-44e9-97fc-94a47da8a4ff" testListId="8c84fa94-04c1-424b-9868-57a2d4851a1d" />
    <TestEntry testId="f42db958-f3ac-165d-b535-eb51081ae795" executionId="c88beac5-ef49-4a23-94bf-df1303642b16" testListId="8c84fa94-04c1-424b-9868-57a2d4851a1d" />
    <TestEntry testId="0d4375eb-99c1-69da-fe52-1b80659b6570" executionId="e5530529-4da7-4d57-9517-573f9b2d7ac6" testListId="8c84fa94-04c1-424b-9868-57a2d4851a1d" />
    <TestEntry testId="71d6bebf-05fa-30c0-c032-8f76f81cdad7" executionId="33fe46bc-78dd-45b3-9d41-da44eeefa9d7" testListId="8c84fa94-04c1-424b-9868-57a2d4851a1d" />
  </TestEntries>
  <Results>
    <UnitTestResult executionId="ccd6b71e-ea97-4af5-a301-24f5c45c28d7" testId="3115ed26-5e48-9c36-7327-9228485c3d9f" testName="ShouldNotBeAbleToOpenconnectonTwice" computerName="WMLI032191" duration="00:00:02.6829423" startTime="2012-05-15T14:16:47.9093647+02:00" endTime="2012-05-15T14:16:51.6795725+02:00" testType="13cdc9d9-ddb5-4fa4-a97d-d965ccfc6d4b" outcome="Passed" testListId="8c84fa94-04c1-424b-9868-57a2d4851a1d" relativeResultsDirectory="ccd6b71e-ea97-4af5-a301-24f5c45c28d7">
    </UnitTestResult>
    <UnitTestResult executionId="7591d616-1b9f-44e9-97fc-94a47da8a4ff" testId="6389bea3-7376-e850-0934-243aa2ed45dd" testName="ShouldBeAbleToOpenConnection" computerName="WMLI032191" duration="00:00:00.0011645" startTime="2012-05-15T14:16:51.7105743+02:00" endTime="2012-05-15T14:16:51.7175747+02:00" testType="13cdc9d9-ddb5-4fa4-a97d-d965ccfc6d4b" outcome="Passed" testListId="8c84fa94-04c1-424b-9868-57a2d4851a1d" relativeResultsDirectory="7591d616-1b9f-44e9-97fc-94a47da8a4ff">
    </UnitTestResult>
    <UnitTestResult executionId="c88beac5-ef49-4a23-94bf-df1303642b16" testId="f42db958-f3ac-165d-b535-eb51081ae795" testName="ShouldBeAbleToCloseConnection" computerName="WMLI032191" duration="00:00:00.0004112" startTime="2012-05-15T14:16:51.7325755+02:00" endTime="2012-05-15T14:16:51.7585770+02:00" testType="13cdc9d9-ddb5-4fa4-a97d-d965ccfc6d4b" outcome="Passed" testListId="8c84fa94-04c1-424b-9868-57a2d4851a1d" relativeResultsDirectory="c88beac5-ef49-4a23-94bf-df1303642b16">
    </UnitTestResult>
    <UnitTestResult executionId="e5530529-4da7-4d57-9517-573f9b2d7ac6" testId="0d4375eb-99c1-69da-fe52-1b80659b6570" testName="ShouldBeAbleToLoginWhenConnectionIsOpen" computerName="WMLI032191" duration="00:00:00.8932582" startTime="2012-05-15T14:16:51.7645774+02:00" endTime="2012-05-15T14:16:52.6626254+02:00" testType="13cdc9d9-ddb5-4fa4-a97d-d965ccfc6d4b" outcome="Failed" testListId="8c84fa94-04c1-424b-9868-57a2d4851a1d" relativeResultsDirectory="e5530529-4da7-4d57-9517-573f9b2d7ac6">
      <Output>
        <ErrorInfo>
          <Message>Assert.AreEqual failed. Expected:&lt;Closed&gt;. Actual:&lt;Open&gt;. </Message>
          <StackTrace>   at TestConnection.UnitTest1.ShouldBeAbleToLoginWhenConnectionIsOpen() in c:\dotnet\ep.cs\TestConnection\TestConnectionImp.cs:line 110
</StackTrace>
        </ErrorInfo>
      </Output>
    </UnitTestResult>
    <UnitTestResult executionId="33fe46bc-78dd-45b3-9d41-da44eeefa9d7" testId="71d6bebf-05fa-30c0-c032-8f76f81cdad7" testName="ShouldNotBeAbleToLoginWhenConnectionIsClosed" computerName="WMLI032191" duration="00:00:00.8453172" startTime="2012-05-15T14:16:52.6676257+02:00" endTime="2012-05-15T14:16:53.5176743+02:00" testType="13cdc9d9-ddb5-4fa4-a97d-d965ccfc6d4b" outcome="Passed" testListId="8c84fa94-04c1-424b-9868-57a2d4851a1d" relativeResultsDirectory="33fe46bc-78dd-45b3-9d41-da44eeefa9d7">
    </UnitTestResult>
  </Results>
</TestRun>