<?xml version="1.0" encoding="UTF-8"?>
<TestRun id="0f589d7d-42c0-4ba8-a3ed-2ab1774f2287" name="gudmundssonm@WMLI032191 2012-05-15 14:39:14" runUser="GROUPINFRA\gudmundssonm" xmlns="http://microsoft.com/schemas/VisualStudio/TeamTest/2010">
  <TestSettings name="Local" id="86cf49bf-788a-4610-b4e9-4251082e7a36">
    <Description>These are default test settings for a local test run.</Description>
    <Deployment userDeploymentRoot="c:\dotnet\ep.cs\TestResults" useDefaultDeploymentRoot="false" enabled="false" runDeploymentRoot="gudmundssonm_WMLI032191 2012-05-15 14_39_14">
      <DeploymentItem filename="c:\dotnet\ep.cs\ep.cs\bin\Debug\ep.cs.exe" />
    </Deployment>
    <Execution>
      <TestTypeSpecific />
      <AgentRule name="Execution Agents">
      </AgentRule>
    </Execution>
  </TestSettings>
  <Times creation="2012-05-15T14:39:14.6879383+02:00" queuing="2012-05-15T14:39:14.9339524+02:00" start="2012-05-15T14:39:14.9639541+02:00" finish="2012-05-15T14:39:15.3669772+02:00" />
  <ResultSummary outcome="Completed">
    <Counters total="2" executed="2" passed="2" error="0" failed="0" timeout="0" aborted="0" inconclusive="0" passedButRunAborted="0" notRunnable="0" notExecuted="0" disconnected="0" warning="0" completed="0" inProgress="0" pending="0" />
  </ResultSummary>
  <TestDefinitions>
    <UnitTest name="ShouldBeAbleToLogOutWhenConnectionIsOpen" storage="c:\dotnet\ep.cs\testconnection\bin\debug\testconnection.dll" id="bfbc39ad-b303-6057-e755-70e261cb283a">
      <Execution id="6ab8b0a2-6c3b-45ad-ac30-300b28c8b720" />
      <TestMethod codeBase="c:/dotnet/ep.cs/TestConnection/bin/Debug/TestConnection.DLL" adapterTypeName="Microsoft.VisualStudio.TestTools.TestTypes.Unit.UnitTestAdapter, Microsoft.VisualStudio.QualityTools.Tips.UnitTest.Adapter, Version=10.0.0.0, Culture=neutral, PublicKeyToken=b03f5f7f11d50a3a" className="TestConnection.UnitTest1, TestConnection, Version=1.0.0.0, Culture=neutral, PublicKeyToken=null" name="ShouldBeAbleToLogOutWhenConnectionIsOpen" />
    </UnitTest>
    <UnitTest name="ShouldNotBeAbleToLogoutWhenConnectionIsClosed" storage="c:\dotnet\ep.cs\testconnection\bin\debug\testconnection.dll" id="2d4db660-729f-b4ad-f15a-4948f998ca2d">
      <Execution id="31742d10-53d2-4c5d-bc99-cb5db54a4bd4" />
      <TestMethod codeBase="c:/dotnet/ep.cs/TestConnection/bin/Debug/TestConnection.DLL" adapterTypeName="Microsoft.VisualStudio.TestTools.TestTypes.Unit.UnitTestAdapter, Microsoft.VisualStudio.QualityTools.Tips.UnitTest.Adapter, Version=10.0.0.0, Culture=neutral, PublicKeyToken=b03f5f7f11d50a3a" className="TestConnection.UnitTest1, TestConnection, Version=1.0.0.0, Culture=neutral, PublicKeyToken=null" name="ShouldNotBeAbleToLogoutWhenConnectionIsClosed" />
    </UnitTest>
  </TestDefinitions>
  <TestLists>
    <TestList name="Results Not in a List" id="8c84fa94-04c1-424b-9868-57a2d4851a1d" />
    <TestList name="All Loaded Results" id="19431567-8539-422a-85d7-44ee4e166bda" />
  </TestLists>
  <TestEntries>
    <TestEntry testId="bfbc39ad-b303-6057-e755-70e261cb283a" executionId="6ab8b0a2-6c3b-45ad-ac30-300b28c8b720" testListId="8c84fa94-04c1-424b-9868-57a2d4851a1d" />
    <TestEntry testId="2d4db660-729f-b4ad-f15a-4948f998ca2d" executionId="31742d10-53d2-4c5d-bc99-cb5db54a4bd4" testListId="8c84fa94-04c1-424b-9868-57a2d4851a1d" />
  </TestEntries>
  <Results>
    <UnitTestResult executionId="6ab8b0a2-6c3b-45ad-ac30-300b28c8b720" testId="bfbc39ad-b303-6057-e755-70e261cb283a" testName="ShouldBeAbleToLogOutWhenConnectionIsOpen" computerName="WMLI032191" duration="00:00:00.0134729" startTime="2012-05-15T14:39:14.9729546+02:00" endTime="2012-05-15T14:39:15.3409757+02:00" testType="13cdc9d9-ddb5-4fa4-a97d-d965ccfc6d4b" outcome="Passed" testListId="8c84fa94-04c1-424b-9868-57a2d4851a1d" relativeResultsDirectory="6ab8b0a2-6c3b-45ad-ac30-300b28c8b720">
    </UnitTestResult>
    <UnitTestResult executionId="31742d10-53d2-4c5d-bc99-cb5db54a4bd4" testId="2d4db660-729f-b4ad-f15a-4948f998ca2d" testName="ShouldNotBeAbleToLogoutWhenConnectionIsClosed" computerName="WMLI032191" duration="00:00:00.0034107" startTime="2012-05-15T14:39:15.3419757+02:00" endTime="2012-05-15T14:39:15.3489761+02:00" testType="13cdc9d9-ddb5-4fa4-a97d-d965ccfc6d4b" outcome="Passed" testListId="8c84fa94-04c1-424b-9868-57a2d4851a1d" relativeResultsDirectory="31742d10-53d2-4c5d-bc99-cb5db54a4bd4">
    </UnitTestResult>
  </Results>
</TestRun>