<?xml version="1.0" encoding="UTF-8"?>
<TestRun id="296666d6-4e2c-4f4c-94d9-1cc7de8642ed" name="gudmundssonm@WMLI032191 2012-05-15 14:45:51" runUser="GROUPINFRA\gudmundssonm" xmlns="http://microsoft.com/schemas/VisualStudio/TeamTest/2010">
  <TestSettings name="Local" id="86cf49bf-788a-4610-b4e9-4251082e7a36">
    <Description>These are default test settings for a local test run.</Description>
    <Deployment userDeploymentRoot="c:\dotnet\ep.cs\TestResults" useDefaultDeploymentRoot="false" enabled="false" runDeploymentRoot="gudmundssonm_WMLI032191 2012-05-15 14_45_51">
      <DeploymentItem filename="c:\dotnet\ep.cs\ep.cs\bin\Debug\ep.cs.exe" />
    </Deployment>
    <Execution>
      <TestTypeSpecific />
      <AgentRule name="Execution Agents">
      </AgentRule>
    </Execution>
  </TestSettings>
  <Times creation="2012-05-15T14:45:51.4004228+02:00" queuing="2012-05-15T14:45:51.4374249+02:00" start="2012-05-15T14:45:51.4464254+02:00" finish="2012-05-15T14:45:51.7174409+02:00" />
  <ResultSummary outcome="Completed">
    <Counters total="1" executed="1" passed="1" error="0" failed="0" timeout="0" aborted="0" inconclusive="0" passedButRunAborted="0" notRunnable="0" notExecuted="0" disconnected="0" warning="0" completed="0" inProgress="0" pending="0" />
  </ResultSummary>
  <TestDefinitions>
    <UnitTest name="StatusShouldBeUnknownBeforeAnyAction" storage="c:\dotnet\ep.cs\testconnection\bin\debug\testconnection.dll" id="a96982fd-d503-2c26-b3f1-1e305f993e25">
      <Execution id="2f632c3a-486b-4bb2-835f-fe69463666f3" />
      <TestMethod codeBase="c:/dotnet/ep.cs/TestConnection/bin/Debug/TestConnection.DLL" adapterTypeName="Microsoft.VisualStudio.TestTools.TestTypes.Unit.UnitTestAdapter, Microsoft.VisualStudio.QualityTools.Tips.UnitTest.Adapter, Version=10.0.0.0, Culture=neutral, PublicKeyToken=b03f5f7f11d50a3a" className="TestConnection.UnitTest1, TestConnection, Version=1.0.0.0, Culture=neutral, PublicKeyToken=null" name="StatusShouldBeUnknownBeforeAnyAction" />
    </UnitTest>
  </TestDefinitions>
  <TestLists>
    <TestList name="Results Not in a List" id="8c84fa94-04c1-424b-9868-57a2d4851a1d" />
    <TestList name="All Loaded Results" id="19431567-8539-422a-85d7-44ee4e166bda" />
  </TestLists>
  <TestEntries>
    <TestEntry testId="a96982fd-d503-2c26-b3f1-1e305f993e25" executionId="2f632c3a-486b-4bb2-835f-fe69463666f3" testListId="8c84fa94-04c1-424b-9868-57a2d4851a1d" />
  </TestEntries>
  <Results>
    <UnitTestResult executionId="2f632c3a-486b-4bb2-835f-fe69463666f3" testId="a96982fd-d503-2c26-b3f1-1e305f993e25" testName="StatusShouldBeUnknownBeforeAnyAction" computerName="WMLI032191" duration="00:00:00.0211163" startTime="2012-05-15T14:45:51.4484255+02:00" endTime="2012-05-15T14:45:51.7024400+02:00" testType="13cdc9d9-ddb5-4fa4-a97d-d965ccfc6d4b" outcome="Passed" testListId="8c84fa94-04c1-424b-9868-57a2d4851a1d" relativeResultsDirectory="2f632c3a-486b-4bb2-835f-fe69463666f3">
    </UnitTestResult>
  </Results>
</TestRun>